# Logfile created on 2014-04-09 19:54:04 -0500 by logger.rb/31641
I, [2014-04-09T19:54:04.278216 #32864]  INFO -- : 0:  ZenTest (4.9.5) from /Users/Taryn/.rvm/gems/ruby-1.9.3-p374@rails3tutorial2ndEd/specifications/ZenTest-4.9.5.gemspec
I, [2014-04-09T19:54:04.613178 #32864]  INFO -- : 0:  autotest (4.4.6) from /Users/Taryn/.rvm/gems/ruby-1.9.3-p374@rails3tutorial2ndEd/specifications/autotest-4.4.6.gemspec
I, [2014-04-09T19:54:04.613738 #32864]  INFO -- : 0:  bundler (1.5.1) from /Users/Taryn/.rvm/gems/ruby-1.9.3-p374@rails3tutorial2ndEd/specifications/bundler-1.5.1.gemspec
I, [2014-04-09T19:54:58.238129 #32874]  INFO -- : 0:  ZenTest (4.9.5) from /Users/Taryn/.rvm/gems/ruby-1.9.3-p374@rails3tutorial2ndEd/specifications/ZenTest-4.9.5.gemspec
I, [2014-04-09T19:54:58.238597 #32874]  INFO -- : 0:  autotest (4.4.6) from /Users/Taryn/.rvm/gems/ruby-1.9.3-p374@rails3tutorial2ndEd/specifications/autotest-4.4.6.gemspec
I, [2014-04-09T19:54:58.238924 #32874]  INFO -- : 0:  bundler (1.5.1) from /Users/Taryn/.rvm/gems/ruby-1.9.3-p374@rails3tutorial2ndEd/specifications/bundler-1.5.1.gemspec
I, [2014-04-09T20:01:35.621191 #32911]  INFO -- : 0:  rake (10.2.2) from /Users/Taryn/.rvm/gems/ruby-1.9.3-p374@rails3tutorial2ndEd/specifications/rake-10.2.2.gemspec
I, [2014-04-09T20:01:39.093863 #32911]  INFO -- : 0:  ZenTest (4.4.2) from /Users/Taryn/.rvm/gems/ruby-1.9.3-p374@rails3tutorial2ndEd/specifications/ZenTest-4.4.2.gemspec
I, [2014-04-09T20:01:42.112364 #32911]  INFO -- : 0:  hoe (3.11.0) from /Users/Taryn/.rvm/gems/ruby-1.9.3-p374@rails3tutorial2ndEd/specifications/hoe-3.11.0.gemspec
I, [2014-04-09T20:01:45.446762 #32911]  INFO -- : 0:  autotest-rails (4.1.0) from /Users/Taryn/.rvm/gems/ruby-1.9.3-p374@rails3tutorial2ndEd/specifications/autotest-rails-4.1.0.gemspec
I, [2014-04-09T20:01:45.447202 #32911]  INFO -- : 0:  bundler (1.5.1) from /Users/Taryn/.rvm/gems/ruby-1.9.3-p374@rails3tutorial2ndEd/specifications/bundler-1.5.1.gemspec
I, [2014-04-09T21:51:35.625067 #34149]  INFO -- : 0:  timers (1.1.0) from /Users/Taryn/.rvm/gems/ruby-1.9.3-p374@rails3tutorial2ndEd/specifications/timers-1.1.0.gemspec
I, [2014-04-09T21:51:35.625515 #34149]  INFO -- : 0:  celluloid (0.15.2) from /Users/Taryn/.rvm/gems/ruby-1.9.3-p374@rails3tutorial2ndEd/specifications/celluloid-0.15.2.gemspec
I, [2014-04-09T21:51:35.625879 #34149]  INFO -- : 0:  coderay (1.1.0) from /Users/Taryn/.rvm/gems/ruby-1.9.3-p374@rails3tutorial2ndEd/specifications/coderay-1.1.0.gemspec
I, [2014-04-09T21:51:35.626235 #34149]  INFO -- : 0:  ffi (1.9.3) from /Users/Taryn/.rvm/gems/ruby-1.9.3-p374@rails3tutorial2ndEd/specifications/ffi-1.9.3.gemspec
I, [2014-04-09T21:51:35.626555 #34149]  INFO -- : 0:  formatador (0.2.4) from /Users/Taryn/.rvm/gems/ruby-1.9.3-p374@rails3tutorial2ndEd/specifications/formatador-0.2.4.gemspec
I, [2014-04-09T21:51:35.626881 #34149]  INFO -- : 0:  rb-fsevent (0.9.4) from /Users/Taryn/.rvm/gems/ruby-1.9.3-p374@rails3tutorial2ndEd/specifications/rb-fsevent-0.9.4.gemspec
I, [2014-04-09T21:51:35.627195 #34149]  INFO -- : 0:  rb-inotify (0.9.3) from /Users/Taryn/.rvm/gems/ruby-1.9.3-p374@rails3tutorial2ndEd/specifications/rb-inotify-0.9.3.gemspec
I, [2014-04-09T21:51:35.627508 #34149]  INFO -- : 0:  listen (2.4.0) from /Users/Taryn/.rvm/gems/ruby-1.9.3-p374@rails3tutorial2ndEd/specifications/listen-2.4.0.gemspec
I, [2014-04-09T21:51:35.627826 #34149]  INFO -- : 0:  lumberjack (1.0.4) from /Users/Taryn/.rvm/gems/ruby-1.9.3-p374@rails3tutorial2ndEd/specifications/lumberjack-1.0.4.gemspec
I, [2014-04-09T21:51:35.628198 #34149]  INFO -- : 0:  method_source (0.8.2) from /Users/Taryn/.rvm/gems/ruby-1.9.3-p374@rails3tutorial2ndEd/specifications/method_source-0.8.2.gemspec
I, [2014-04-09T21:51:35.628512 #34149]  INFO -- : 0:  slop (3.4.7) from /Users/Taryn/.rvm/gems/ruby-1.9.3-p374@rails3tutorial2ndEd/specifications/slop-3.4.7.gemspec
I, [2014-04-09T21:51:35.628824 #34149]  INFO -- : 0:  pry (0.9.12.6) from /Users/Taryn/.rvm/gems/ruby-1.9.3-p374@rails3tutorial2ndEd/specifications/pry-0.9.12.6.gemspec
I, [2014-04-09T21:51:35.629136 #34149]  INFO -- : 0:  thor (0.18.1) from /Users/Taryn/.rvm/gems/ruby-1.9.3-p374@rails3tutorial2ndEd/specifications/thor-0.18.1.gemspec
I, [2014-04-09T21:51:35.629485 #34149]  INFO -- : 0:  guard (2.3.0) from /Users/Taryn/.rvm/gems/ruby-1.9.3-p374@rails3tutorial2ndEd/specifications/guard-2.3.0.gemspec
I, [2014-04-09T21:51:35.629783 #34149]  INFO -- : 0:  bundler (1.5.1) from /Users/Taryn/.rvm/gems/ruby-1.9.3-p374@rails3tutorial2ndEd/specifications/bundler-1.5.1.gemspec
I, [2014-04-09T21:54:55.798671 #34194]  INFO -- : 0:  timers (1.1.0) from /Users/Taryn/.rvm/gems/ruby-1.9.3-p374@rails3tutorial2ndEd/specifications/timers-1.1.0.gemspec
I, [2014-04-09T21:54:55.799105 #34194]  INFO -- : 0:  celluloid (0.15.2) from /Users/Taryn/.rvm/gems/ruby-1.9.3-p374@rails3tutorial2ndEd/specifications/celluloid-0.15.2.gemspec
I, [2014-04-09T21:54:55.799460 #34194]  INFO -- : 0:  coderay (1.1.0) from /Users/Taryn/.rvm/gems/ruby-1.9.3-p374@rails3tutorial2ndEd/specifications/coderay-1.1.0.gemspec
I, [2014-04-09T21:54:55.799790 #34194]  INFO -- : 0:  diff-lcs (1.2.5) from /Users/Taryn/.rvm/gems/ruby-1.9.3-p374@rails3tutorial2ndEd/specifications/diff-lcs-1.2.5.gemspec
I, [2014-04-09T21:54:55.800110 #34194]  INFO -- : 0:  ffi (1.9.3) from /Users/Taryn/.rvm/gems/ruby-1.9.3-p374@rails3tutorial2ndEd/specifications/ffi-1.9.3.gemspec
I, [2014-04-09T21:54:55.800460 #34194]  INFO -- : 0:  formatador (0.2.4) from /Users/Taryn/.rvm/gems/ruby-1.9.3-p374@rails3tutorial2ndEd/specifications/formatador-0.2.4.gemspec
I, [2014-04-09T21:54:55.800782 #34194]  INFO -- : 0:  rb-fsevent (0.9.4) from /Users/Taryn/.rvm/gems/ruby-1.9.3-p374@rails3tutorial2ndEd/specifications/rb-fsevent-0.9.4.gemspec
I, [2014-04-09T21:54:55.801102 #34194]  INFO -- : 0:  rb-inotify (0.9.3) from /Users/Taryn/.rvm/gems/ruby-1.9.3-p374@rails3tutorial2ndEd/specifications/rb-inotify-0.9.3.gemspec
I, [2014-04-09T21:54:55.801417 #34194]  INFO -- : 0:  listen (2.4.0) from /Users/Taryn/.rvm/gems/ruby-1.9.3-p374@rails3tutorial2ndEd/specifications/listen-2.4.0.gemspec
I, [2014-04-09T21:54:55.801732 #34194]  INFO -- : 0:  lumberjack (1.0.4) from /Users/Taryn/.rvm/gems/ruby-1.9.3-p374@rails3tutorial2ndEd/specifications/lumberjack-1.0.4.gemspec
I, [2014-04-09T21:54:55.802044 #34194]  INFO -- : 0:  method_source (0.8.2) from /Users/Taryn/.rvm/gems/ruby-1.9.3-p374@rails3tutorial2ndEd/specifications/method_source-0.8.2.gemspec
I, [2014-04-09T21:54:55.802360 #34194]  INFO -- : 0:  slop (3.4.7) from /Users/Taryn/.rvm/gems/ruby-1.9.3-p374@rails3tutorial2ndEd/specifications/slop-3.4.7.gemspec
I, [2014-04-09T21:54:55.802676 #34194]  INFO -- : 0:  pry (0.9.12.6) from /Users/Taryn/.rvm/gems/ruby-1.9.3-p374@rails3tutorial2ndEd/specifications/pry-0.9.12.6.gemspec
I, [2014-04-09T21:54:55.802988 #34194]  INFO -- : 0:  thor (0.18.1) from /Users/Taryn/.rvm/gems/ruby-1.9.3-p374@rails3tutorial2ndEd/specifications/thor-0.18.1.gemspec
I, [2014-04-09T21:54:55.803303 #34194]  INFO -- : 0:  guard (2.3.0) from /Users/Taryn/.rvm/gems/ruby-1.9.3-p374@rails3tutorial2ndEd/specifications/guard-2.3.0.gemspec
I, [2014-04-09T21:54:55.803630 #34194]  INFO -- : 0:  rspec-core (2.14.8) from /Users/Taryn/.rvm/gems/ruby-1.9.3-p374@rails3tutorial2ndEd/specifications/rspec-core-2.14.8.gemspec
I, [2014-04-09T21:54:55.803957 #34194]  INFO -- : 0:  rspec-expectations (2.14.5) from /Users/Taryn/.rvm/gems/ruby-1.9.3-p374@rails3tutorial2ndEd/specifications/rspec-expectations-2.14.5.gemspec
I, [2014-04-09T21:54:55.804282 #34194]  INFO -- : 0:  rspec-mocks (2.14.6) from /Users/Taryn/.rvm/gems/ruby-1.9.3-p374@rails3tutorial2ndEd/specifications/rspec-mocks-2.14.6.gemspec
I, [2014-04-09T21:54:55.804602 #34194]  INFO -- : 0:  rspec (2.14.1) from /Users/Taryn/.rvm/gems/ruby-1.9.3-p374@rails3tutorial2ndEd/specifications/rspec-2.14.1.gemspec
I, [2014-04-09T21:54:55.804918 #34194]  INFO -- : 0:  guard-rspec (4.2.5) from /Users/Taryn/.rvm/gems/ruby-1.9.3-p374@rails3tutorial2ndEd/specifications/guard-rspec-4.2.5.gemspec
I, [2014-04-09T21:54:55.805220 #34194]  INFO -- : 0:  bundler (1.5.1) from /Users/Taryn/.rvm/gems/ruby-1.9.3-p374@rails3tutorial2ndEd/specifications/bundler-1.5.1.gemspec
